0 info it worked if it ends with ok
1 verbose cli [ 'C:\\Program Files\\nodejs\\node.exe',
1 verbose cli   'C:\\Program Files\\nodejs\\node_modules\\npm\\bin\\npm-cli.js',
1 verbose cli   'run',
1 verbose cli   'compile:sass' ]
2 info using npm@3.10.10
3 info using node@v6.11.3
4 verbose run-script [ 'precompile:sass', 'compile:sass', 'postcompile:sass' ]
5 info lifecycle hustle@1.0.0~precompile:sass: hustle@1.0.0
6 silly lifecycle hustle@1.0.0~precompile:sass: no script for precompile:sass, continuing
7 info lifecycle hustle@1.0.0~compile:sass: hustle@1.0.0
8 verbose lifecycle hustle@1.0.0~compile:sass: unsafe-perm in lifecycle true
9 verbose lifecycle hustle@1.0.0~compile:sass: PATH: C:\Program Files\nodejs\node_modules\npm\bin\node-gyp-bin;C:\Users\ashish\Downloads\Web Developement Resources\CSS-Advance-Styles-Project\node_modules\.bin;C:\ProgramData\Oracle\Java\javapath;C:\Program Files (x86)\NVIDIA Corporation\PhysX\Common;C:\Program Files (x86)\Intel\iCLS Client\;C:\Program Files\Intel\iCLS Client\;C:\WINDOWS\system32;C:\WINDOWS;C:\WINDOWS\System32\Wbem;C:\WINDOWS\System32\WindowsPowerShell\v1.0\;C:\Program Files\Hewlett-Packard\SimplePass\;C:\Program Files\Intel\Intel(R) Management Engine Components\DAL;C:\Program Files (x86)\Intel\Intel(R) Management Engine Components\DAL;C:\Program Files\Intel\Intel(R) Management Engine Components\IPT;C:\Program Files (x86)\Intel\Intel(R) Management Engine Components\IPT;C:\Program Files\Intel\WiFi\bin\;C:\Program Files\Common Files\Intel\WirelessCommon\;C:\Program Files (x86)\Common Files\lenovo\easyplussdk\bin;C:\Program Files (x86)\Skype\Phone\;C:\altera\14.0\modelsim_ase\win32aloem;C:\adb;C:\WINDOWS\system32;C:\WINDOWS;C:\WINDOWS\System32\Wbem;C:\WINDOWS\System32\WindowsPowerShell\v1.0\;C:\Program Files\nodejs\;C:\Program Files (x86)\Git\cmd;C:\Program Files\Calibre2\;C:\Program Files\Java\jdk1.8.0_101\bin\;C:\Users\ashish\AppData\Local\Microsoft\WindowsApps;C:\Users\ashish\AppData\Roaming\npm;C:\Program Files\Microsoft VS Code\bin;
10 verbose lifecycle hustle@1.0.0~compile:sass: CWD: C:\Users\ashish\Downloads\Web Developement Resources\CSS-Advance-Styles-Project
11 silly lifecycle hustle@1.0.0~compile:sass: Args: [ '/d /s /c',
11 silly lifecycle   'node-sass styles/scss/main.scss styles/css/main.css -w' ]
12 silly lifecycle hustle@1.0.0~compile:sass: Returned: code: 3221225786  signal: null
13 info lifecycle hustle@1.0.0~compile:sass: Failed to exec compile:sass script
14 verbose stack Error: hustle@1.0.0 compile:sass: `node-sass styles/scss/main.scss styles/css/main.css -w`
14 verbose stack Exit status 3221225786
14 verbose stack     at EventEmitter.<anonymous> (C:\Program Files\nodejs\node_modules\npm\lib\utils\lifecycle.js:255:16)
14 verbose stack     at emitTwo (events.js:106:13)
14 verbose stack     at EventEmitter.emit (events.js:191:7)
14 verbose stack     at ChildProcess.<anonymous> (C:\Program Files\nodejs\node_modules\npm\lib\utils\spawn.js:40:14)
14 verbose stack     at emitTwo (events.js:106:13)
14 verbose stack     at ChildProcess.emit (events.js:191:7)
14 verbose stack     at maybeClose (internal/child_process.js:920:16)
14 verbose stack     at Process.ChildProcess._handle.onexit (internal/child_process.js:230:5)
15 verbose pkgid hustle@1.0.0
16 verbose cwd C:\Users\ashish\Downloads\Web Developement Resources\CSS-Advance-Styles-Project
17 error Windows_NT 10.0.16299
18 error argv "C:\\Program Files\\nodejs\\node.exe" "C:\\Program Files\\nodejs\\node_modules\\npm\\bin\\npm-cli.js" "run" "compile:sass"
19 error node v6.11.3
20 error npm  v3.10.10
21 error code ELIFECYCLE
22 error hustle@1.0.0 compile:sass: `node-sass styles/scss/main.scss styles/css/main.css -w`
22 error Exit status 3221225786
23 error Failed at the hustle@1.0.0 compile:sass script 'node-sass styles/scss/main.scss styles/css/main.css -w'.
23 error Make sure you have the latest version of node.js and npm installed.
23 error If you do, this is most likely a problem with the hustle package,
23 error not with npm itself.
23 error Tell the author that this fails on your system:
23 error     node-sass styles/scss/main.scss styles/css/main.css -w
23 error You can get information on how to open an issue for this project with:
23 error     npm bugs hustle
23 error Or if that isn't available, you can get their info via:
23 error     npm owner ls hustle
23 error There is likely additional logging output above.
24 verbose exit [ 1, true ]
